<?xml version="1.0" encoding="UTF-8"?>
<!-- Generated by org.testng.reporters.JUnitXMLReporter -->
<testsuite ignored="4" hostname="Sundar_V" failures="0" tests="2" name="Test" time="4.579" errors="0" timestamp="2024-12-28T02:57:29 IST">
  <testcase classname="task24.basedemoblaze" name="@BeforeClass testdetails" time="0.002">
    <failure type="java.lang.NullPointerException" message="Cannot invoke &amp;quot;com.aventstack.extentreports.ExtentReports.createTest(String)&amp;quot; because &amp;quot;this.exreport&amp;quot; is null">
      <![CDATA[java.lang.NullPointerException: Cannot invoke "com.aventstack.extentreports.ExtentReports.createTest(String)" because "this.exreport" is null
at task24.basedemoblaze.testdetails(basedemoblaze.java:26)
at java.base/java.util.ArrayList.forEach(ArrayList.java:1596)
... Removed 23 stack frames]]>
    </failure>
  </testcase> <!-- @BeforeClass testdetails -->
  <testcase classname="task24.TC1Signuptestclass" name="Signup" time="1.605"/>
  <testcase classname="task24.TC2LoginTestpage" name="Login" time="0.001">
    <skipped/>
  </testcase> <!-- Login -->
  <testcase classname="task24.basedemoblaze" name="@BeforeSuite Reports" time="0.0">
    <ignored/>
  </testcase> <!-- @BeforeSuite Reports -->
  <testcase classname="task24.basedemoblaze" name="@AfterSuite reportClose" time="0.0">
    <ignored/>
  </testcase> <!-- @AfterSuite reportClose -->
  <testcase classname="task24.basedemoblaze" name="@AfterTest closebrowser" time="0.0">
    <ignored/>
  </testcase> <!-- @AfterTest closebrowser -->
  <testcase classname="task24.basedemoblaze" name="@BeforeTest browserLaunch" time="0.0">
    <ignored/>
  </testcase> <!-- @BeforeTest browserLaunch -->
</testsuite> <!-- Test -->
